Removed Pin From Net: NetName=BCM4 Pin=P9-1
Removed Pin From Net: NetName=BCM17 Pin=P9-2
Removed Pin From Net: NetName=BCM27 Pin=P9-3
Removed Pin From Net: NetName=BCM22 Pin=P9-4
Removed Pin From Net: NetName=BCM10 Pin=P9-5
Removed Pin From Net: NetName=BCM9 Pin=P9-6
Removed Pin From Net: NetName=BCM11 Pin=P9-7
Removed Pin From Net: NetName=BCM5 Pin=P9-8
Removed Pin From Net: NetName=BCM13 Pin=P9-9
Removed Pin From Net: NetName=BCM19 Pin=P9-10
Removed Member From Class: ClassName=Sheet1 Member=P9
Added Component: Designator=P?(HDR1X5)
Add component. Clean all parameters for all variants
Add component (AddParameter): Name = "LatestRevisionDate"; Value = "17-Jul-2002"; VariantName = "[No Variations]"
Add component (AddParameter): Name = "LatestRevisionNote"; Value = "Re-released for DXP Platform."; VariantName = "[No Variations]"
Add component (AddParameter): Name = "Publisher"; Value = "Altium Limited"; VariantName = "[No Variations]"
Added Component: Designator=SW??(DIP SWITCH-05)
Add component. Clean all parameters for all variants
Added Pin To Net: NetName=BCM9 Pin=P?-1
Added Pin To Net: NetName=BCM11 Pin=P?-2
Added Pin To Net: NetName=BCM5 Pin=P?-3
Added Pin To Net: NetName=BCM13 Pin=P?-4
Added Pin To Net: NetName=BCM19 Pin=P?-5
Added Pin To Net: NetName=BCM4 Pin=SW??-1
Added Pin To Net: NetName=BCM17 Pin=SW??-2
Added Pin To Net: NetName=BCM27 Pin=SW??-3
Added Pin To Net: NetName=BCM22 Pin=SW??-4
Added Pin To Net: NetName=BCM10 Pin=SW??-5
Added Pin To Net: NetName=GND Pin=SW??-6
Added Pin To Net: NetName=GND Pin=SW??-7
Added Pin To Net: NetName=GND Pin=SW??-8
Added Pin To Net: NetName=GND Pin=SW??-9
Added Pin To Net: NetName=GND Pin=SW??-10
Added Member To Class: ClassName=Sheet1 Member=Component P? Header 5
Added Member To Class: ClassName=Sheet1 Member=Component SW?? DIP SWITCH-05
Added Room: Name=Sheet1
